<?xml version="1.0" encoding="UTF-8"?>
<testng-results ignored="0" total="1" passed="1" failed="0" skipped="0">
  <reporter-output>
  </reporter-output>
  <suite started-at="2023-08-06T13:22:02 IST" name="Regression_Suite" finished-at="2023-08-06T13:22:31 IST" duration-ms="29418">
    <groups>
    </groups>
    <test started-at="2023-08-06T13:22:02 IST" name="Test" finished-at="2023-08-06T13:22:31 IST" duration-ms="29418">
      <class name="com.numadic.QAtests.TestCase1">
        <test-method is-config="true" signature="beforeTestMethod()[pri:0, instance:com.numadic.QAtests.TestCase1@7bd7d6d6]" started-at="2023-08-06T13:22:02 IST" name="beforeTestMethod" finished-at="2023-08-06T13:22:02 IST" duration-ms="462" status="PASS">
          <reporter-output>
          </reporter-output>
        </test-method> <!-- beforeTestMethod -->
        <test-method is-config="true" signature="beforeMethodMethod(java.lang.String)[pri:0, instance:com.numadic.QAtests.TestCase1@7bd7d6d6]" started-at="2023-08-06T13:22:02 IST" name="beforeMethodMethod" finished-at="2023-08-06T13:22:15 IST" duration-ms="12229" status="PASS">
          <params>
            <param index="0">
              <value>
                <![CDATA[chrome]]>
              </value>
            </param>
          </params>
          <reporter-output>
          </reporter-output>
        </test-method> <!-- beforeMethodMethod -->
        <test-method signature="careerPageScript()[pri:0, instance:com.numadic.QAtests.TestCase1@7bd7d6d6]" started-at="2023-08-06T13:22:15 IST" name="careerPageScript" finished-at="2023-08-06T13:22:30 IST" duration-ms="15262" status="PASS">
          <reporter-output>
          </reporter-output>
        </test-method> <!-- careerPageScript -->
        <test-method is-config="true" signature="afterMethodMethod(org.testng.ITestResult)[pri:0, instance:com.numadic.QAtests.TestCase1@7bd7d6d6]" started-at="2023-08-06T13:22:30 IST" name="afterMethodMethod" finished-at="2023-08-06T13:22:31 IST" duration-ms="906" status="PASS">
          <params>
            <param index="0">
              <value>
                <![CDATA[[TestResult name=careerPageScript status=SUCCESS method=TestCase1.careerPageScript()[pri:0, instance:com.numadic.QAtests.TestCase1@7bd7d6d6] output={null}]]]>
              </value>
            </param>
          </params>
          <reporter-output>
          </reporter-output>
        </test-method> <!-- afterMethodMethod -->
        <test-method is-config="true" signature="afterTestMethod()[pri:0, instance:com.numadic.QAtests.TestCase1@7bd7d6d6]" started-at="2023-08-06T13:22:31 IST" name="afterTestMethod" finished-at="2023-08-06T13:22:31 IST" duration-ms="472" status="PASS">
          <reporter-output>
          </reporter-output>
        </test-method> <!-- afterTestMethod -->
      </class> <!-- com.numadic.QAtests.TestCase1 -->
    </test> <!-- Test -->
  </suite> <!-- Regression_Suite -->
</testng-results>
