<?xml version="1.0" encoding="UTF-8"?>
<!-- Generated by org.testng.reporters.JUnitXMLReporter -->
<testsuite ignored="0" hostname="PF1RW7XK" failures="0" tests="2" name="Test" time="32.374" errors="0" timestamp="2023-12-15T17:18:45 IST">
  <testcase classname="com.numadic.QAtests.TestCase1" name="careerPageScript" time="4.291">
    <skipped/>
  </testcase> <!-- careerPageScript -->
  <testcase classname="com.numadic.QAtests.TestCase1" name="careerPageScript" time="9.763"/>
</testsuite> <!-- Test -->
